==============================================================================
Suites                                                                        
==============================================================================
Suites.TC3                                                                    
==============================================================================
Testcase1                                                             hey i'm test case number1
| PASS |
------------------------------------------------------------------------------
Testcase2                                                             hey i'm test case number2
| PASS |
------------------------------------------------------------------------------
Testcase3                                                             hey i'm test case number3
| PASS |
------------------------------------------------------------------------------
Suites.TC3                                                            | PASS |
3 tests, 3 passed, 0 failed
==============================================================================
Suites                                                                | PASS |
3 tests, 3 passed, 0 failed
==============================================================================
Output:  /Users/adammoreau/SDET/pabot_results/2/output.xml
