==============================================================================
Suites                                                                        
==============================================================================
Suites.TC1                                                                    
==============================================================================
skip LoginTest                                                          
  Traceback (most recent call last):
    ~~~~~~~~~~~~~~~~~~~~~~~~~~~~~~~~~~~~~~~~~~~~~~~~~~~~~~~~~~~~~~~~~~~~~~~~~~
    File  /Users/adammoreau/SDET/TestCases/TC1.robot:14
    T:  skip LoginTest    
    ~~~~~~~~~~~~~~~~~~~~~~~~~~~~~~~~~~~~~~~~~~~~~~~~~~~~~~~~~~~~~~~~~~~~~~~~~~
    File  /Users/adammoreau/SDET/TestCases/TC1.robot:16
      Click Link    xpath://a[@class='ico-login']
______________________________________________________________________________
| FAIL |
Link with locator 'xpath://a[@class='ico-login']' not found.
------------------------------------------------------------------------------
Suites.TC1                                                            | FAIL |
1 test, 0 passed, 1 failed
==============================================================================
Suites                                                                | FAIL |
1 test, 0 passed, 1 failed
==============================================================================
Output:  /Users/adammoreau/SDET/pabot_results/0/output.xml
