==============================================================================
Suites                                                                        
==============================================================================
Suites.TC2                                                                    
==============================================================================
skip LoginTest                                                        156
































Vos besoins








Outils




Formations













Cours Gratuits
Contact



























DIVERS
OK
OK



Oui je veux le mini guide !


Définition d’un Site web (website)


"Le Growth Hacking"
formation Growth Hacking
derniers livres et formations vidéo
Linkedin
et ma chaine Youtube








Les 150 meilleurs outils marketing pour PME
Nettoyer son eRéputation
45 stratégies pour générer du trafic
Trouver un nom de produit
6 étapes pour bien gérer un projet
103 conseils pour réussir sur le Web
10 conseils SEO
Choisir le bon logiciel d'emailing
107 stratégies pour trouver des clients
Réussir son plan marketing
45 conseils pour améliorer son service client
Réussir ses cartes de visite
112 astuces des As de la vente
Prospecter et fidéliser efficacement
Faire connaître un petit commerce
Rédiger un communiqué de presse
La Checkliste SEO
Comment lancer un blog ?

Manager Go !





DIVERS
Votre publicité gratuite dans la newsletter de ConseilsMarketing.fr !

DIVERS
La définition du terme infographie (infographic)
DIVERS
RDV au Web2Connect samedi 28 juin à Paris !
BLOGS
DIVERS
EMAILING
EMARKETING
FIDÉLISATION
LIVRES
PROMOTION
PUB
RÉFÉRENCEMENT
| PASS |
------------------------------------------------------------------------------
Suites.TC2                                                            | PASS |
1 test, 1 passed, 0 failed
==============================================================================
Suites                                                                | PASS |
1 test, 1 passed, 0 failed
==============================================================================
Output:  /Users/adammoreau/SDET/pabot_results/1/output.xml
